Processing 39 files... 
__I18N_LOG__{"file":"src/main.ts","stats":{"replaced":0,"lowRisk":0,"highRisk":0,"highRiskLocations":[]},"strings":[]}
__I18N_LOG__{"file":"src/types.ts","stats":{"replaced":0,"lowRisk":0,"highRisk":0,"highRiskLocations":[]},"strings":[]}
__I18N_LOG__{"file":"src/core/Templater.ts","stats":{"replaced":0,"lowRisk":0,"highRisk":0,"highRiskLocations":[]},"strings":[]}
__I18N_LOG__{"file":"src/handlers/CommandHandler.ts","stats":{"replaced":0,"lowRisk":0,"highRisk":0,"highRiskLocations":[]},"strings":[]}
__I18N_LOG__{"file":"src/handlers/FuzzySuggester.ts","stats":{"replaced":1,"lowRisk":0,"highRisk":0,"highRiskLocations":[]},"strings":["Type name of a template..."]}
__I18N_LOG__{"file":"src/handlers/EventHandler.ts","stats":{"replaced":0,"lowRisk":0,"highRisk":0,"highRiskLocations":[]},"strings":[]}
__I18N_LOG__{"file":"src/editor/Autocomplete.ts","stats":{"replaced":1,"lowRisk":0,"highRisk":0,"highRiskLocations":[]},"strings":["Parameter list:"]}
__I18N_LOG__{"file":"src/editor/CursorJumper.ts","stats":{"replaced":0,"lowRisk":0,"highRisk":0,"highRiskLocations":[]},"strings":[]}
__I18N_LOG__{"file":"src/editor/Editor.ts","stats":{"replaced":0,"lowRisk":0,"highRisk":0,"highRiskLocations":[]},"strings":[]}
__I18N_LOG__{"file":"src/editor/TpDocumentation.ts","stats":{"replaced":0,"lowRisk":0,"highRisk":0,"highRiskLocations":[]},"strings":[]}
__I18N_LOG__{"file":"src/lang/i18n.ts","stats":{"replaced":0,"lowRisk":0,"highRisk":0,"highRiskLocations":[]},"strings":[]}
__I18N_LOG__{"file":"src/settings/Settings.ts","stats":{"replaced":97,"lowRisk":5,"highRisk":9,"highRiskLocations":[{"file":"src/settings/Settings.ts","line":107,"type":"dom_mixed"},{"file":"src/settings/Settings.ts","line":167,"type":"dom_mixed"},{"file":"src/settings/Settings.ts","line":193,"type":"dom_mixed"},{"file":"src/settings/Settings.ts","line":350,"type":"dom_mixed"},{"file":"src/settings/Settings.ts","line":502,"type":"dom_mixed"},{"file":"src/settings/Settings.ts","line":635,"type":"dom_mixed"},{"file":"src/settings/Settings.ts","line":710,"type":"dom_mixed"},{"file":"src/settings/Settings.ts","line":802,"type":"dom_mixed"},{"file":"src/settings/Settings.ts","line":854,"type":"dom_mixed"}]},"strings":["Add new hotkey for template","Add new folder template","Add new file regex","Add new startup template","Add new user function","Configure Hotkey","Move up","Move down","Delete","Add additional folder template","Add additional file regex","Refresh","Template folder location","Internal variables and functions","Syntax highlighting on desktop","Syntax highlighting on mobile","Automatic jump to cursor","Trigger Templater on new file creation","Template hotkeys","Folder templates","Enable folder templates","File regex templates","Enable file regex templates","Startup templates","User script functions","Script files folder location","User script intellisense","User system command functions","Enable user system command functions","Timeout","Shell binary location","Donate","Files in this folder will be available as templates.","Determine how you'd like to have user script intellisense render. Note values will not render if not in the script.","Maximum timeout in seconds for a system command.","If you like this Plugin, consider donating to support continued development.","Example: folder1/folder2","Example: folder1/template_file","Folder","Template","File regex","Example: /bin/bash, ...","Function name","System command","tp.file.cursor","Warning: ","empty ","Templater provides multiples predefined variables / functions that you can use.","Check the "," to get a list of all the available internal variables / functions.","Adds syntax highlighting for Templater commands in edit mode.","Adds syntax highlighting for Templater commands in edit mode on mobile. Use with caution: this may break live preview on mobile platforms.","Automatically triggers "," after inserting a template.","You can also set a hotkey to manually trigger ","Templater will listen for the new file creation event, and, if it matches a rule you've set, replace every command it finds in the new file's content. ","This makes Templater compatible with other plugins like the Daily note core plugin, Calendar plugin, Review plugin, Note refactor plugin, etc. ","Make sure to set up rules under either folder templates or file regex template below.","This can be dangerous if you create new files with unknown / unsafe content on creation. Make sure that every new file's content is safe on creation.","Template hotkeys allows you to bind a template to a hotkey.","Folder templates are triggered when a new ","file is created in a given folder.","Templater will fill the empty file with the specified template.","The deepest match is used. A global default template would be defined on the root ","When enabled, Templater will make use of the folder templates defined below. This option is mutually exclusive with file regex templates below, so enabling one will disable the other.","File regex templates are triggered when a new "," file is created that matches one of them. Templater will fill the empty file with the specified template.","The first match from the top is used, so the order of the rules is important.","Use "," as a final catch-all, if you need it.","When enabled, Templater will make use of the file regex templates defined below. This option is mutually exclusive with folder templates above, so enabling one will disable the other.","Startup templates are templates that will get executed once when Templater starts.","These templates won't output anything.","This can be useful to set up templates adding hooks to Obsidian events for example.","All JavaScript files in this folder will be loaded as CommonJS modules, to import custom user functions.","The folder needs to be accessible from the vault."," for more information.","Allows you to create user functions linked to system commands.","It can be dangerous to execute arbitrary system commands from untrusted sources. Only run system commands that you understand, from trusted sources.","Full path to the shell binary to execute the command with.","This setting is optional and will default to the system's default shell if not specified.","You can use forward slashes ('/') as path separators on all platforms if in doubt."]}
__I18N_LOG__{"file":"src/utils/Constants.ts","stats":{"replaced":0,"lowRisk":0,"highRisk":0,"highRiskLocations":[]},"strings":[]}
__I18N_LOG__{"file":"src/utils/Log.ts","stats":{"replaced":3,"lowRisk":0,"highRisk":0,"highRiskLocations":[]},"strings":["Templater update","Templater Error","Check console for more information"]}
__I18N_LOG__{"file":"src/utils/TJDocFile.ts","stats":{"replaced":0,"lowRisk":0,"highRisk":0,"highRiskLocations":[]},"strings":[]}
__I18N_LOG__{"file":"src/utils/Utils.ts","stats":{"replaced":0,"lowRisk":0,"highRisk":0,"highRiskLocations":[]},"strings":[]}
__I18N_LOG__{"file":"src/core/functions/FunctionsGenerator.ts","stats":{"replaced":0,"lowRisk":0,"highRisk":0,"highRiskLocations":[]},"strings":[]}
__I18N_LOG__{"file":"src/utils/Error.ts","stats":{"replaced":0,"lowRisk":0,"highRisk":0,"highRiskLocations":[]},"strings":[]}
__I18N_LOG__{"file":"src/core/parser/Parser.ts","stats":{"replaced":0,"lowRisk":0,"highRisk":0,"highRiskLocations":[]},"strings":[]}
__I18N_LOG__{"file":"src/core/functions/IGenerateObject.ts","stats":{"replaced":0,"lowRisk":0,"highRisk":0,"highRiskLocations":[]},"strings":[]}
__I18N_LOG__{"file":"src/settings/RenderSettings/IntellisenseRenderOption.ts","stats":{"replaced":0,"lowRisk":0,"highRisk":0,"highRiskLocations":[]},"strings":[]}
__I18N_LOG__{"file":"src/settings/suggesters/FileSuggester.ts","stats":{"replaced":0,"lowRisk":0,"highRisk":0,"highRiskLocations":[]},"strings":[]}
__I18N_LOG__{"file":"src/settings/suggesters/suggest.ts","stats":{"replaced":0,"lowRisk":0,"highRisk":0,"highRiskLocations":[]},"strings":[]}
__I18N_LOG__{"file":"src/core/functions/user_functions/UserFunctions.ts","stats":{"replaced":0,"lowRisk":0,"highRisk":0,"highRiskLocations":[]},"strings":[]}
__I18N_LOG__{"file":"src/settings/suggesters/FolderSuggester.ts","stats":{"replaced":0,"lowRisk":0,"highRisk":0,"highRiskLocations":[]},"strings":[]}
__I18N_LOG__{"file":"src/core/functions/user_functions/UserScriptFunctions.ts","stats":{"replaced":0,"lowRisk":0,"highRisk":0,"highRiskLocations":[]},"strings":[]}
__I18N_LOG__{"file":"src/core/functions/internal_functions/InternalFunctions.ts","stats":{"replaced":0,"lowRisk":0,"highRisk":0,"highRiskLocations":[]},"strings":[]}
__I18N_LOG__{"file":"src/core/functions/user_functions/UserSystemFunctions.ts","stats":{"replaced":0,"lowRisk":0,"highRisk":0,"highRiskLocations":[]},"strings":[]}
__I18N_LOG__{"file":"src/core/functions/internal_functions/InternalModule.ts","stats":{"replaced":0,"lowRisk":0,"highRisk":0,"highRiskLocations":[]},"strings":[]}
__I18N_LOG__{"file":"src/core/functions/internal_functions/date/InternalModuleDate.ts","stats":{"replaced":0,"lowRisk":0,"highRisk":0,"highRiskLocations":[]},"strings":[]}
__I18N_LOG__{"file":"src/core/functions/internal_functions/config/InternalModuleConfig.ts","stats":{"replaced":0,"lowRisk":0,"highRisk":0,"highRiskLocations":[]},"strings":[]}
__I18N_LOG__{"file":"src/core/functions/internal_functions/file/InternalModuleFile.ts","stats":{"replaced":0,"lowRisk":0,"highRisk":0,"highRiskLocations":[]},"strings":[]}
__I18N_LOG__{"file":"src/core/functions/internal_functions/frontmatter/InternalModuleFrontmatter.ts","stats":{"replaced":0,"lowRisk":0,"highRisk":0,"highRiskLocations":[]},"strings":[]}
__I18N_LOG__{"file":"src/core/functions/internal_functions/hooks/InternalModuleHooks.ts","stats":{"replaced":0,"lowRisk":0,"highRisk":0,"highRiskLocations":[]},"strings":[]}
__I18N_LOG__{"file":"src/core/functions/internal_functions/system/MultiSuggesterModal.ts","stats":{"replaced":2,"lowRisk":0,"highRisk":0,"highRiskLocations":[]},"strings":["Save","Cancel"]}
__I18N_LOG__{"file":"src/core/functions/internal_functions/system/InternalModuleSystem.ts","stats":{"replaced":0,"lowRisk":0,"highRisk":0,"highRiskLocations":[]},"strings":[]}
__I18N_LOG__{"file":"src/core/functions/internal_functions/system/SuggesterModal.ts","stats":{"replaced":0,"lowRisk":0,"highRisk":0,"highRiskLocations":[]},"strings":[]}
__I18N_LOG__{"file":"src/core/functions/internal_functions/system/PromptModal.ts","stats":{"replaced":2,"lowRisk":0,"highRisk":0,"highRiskLocations":[]},"strings":["Submit","Type text here"]}
__I18N_LOG__{"file":"src/core/functions/internal_functions/web/InternalModuleWeb.ts","stats":{"replaced":0,"lowRisk":0,"highRisk":0,"highRiskLocations":[]},"strings":[]}
All done. 
Results: 
[31m0 errors
[39m[33m33 unmodified
[39m[33m0 skipped
[39m[32m6 ok
[39mTime elapsed: 1.317seconds 
